=== Email Debug Log - 2025-04-21 09:33:01 ===
2025-04-21 09:33:01 - Starting email debug
2025-04-21 09:33:01 - ✓ cURL is available
2025-04-21 09:33:01 - ✓ Config loaded successfully
2025-04-21 09:33:01 -   API Key: xkeysib-84...W3284
2025-04-21 09:33:01 -   Sender: kuchhnahihe184@gmail.com
2025-04-21 09:33:01 - Checking API key validity...
2025-04-21 09:33:02 - ✓ API key is valid
=== Email Debug Log - 2025-04-21 09:33:07 ===
2025-04-21 09:33:07 - Starting email debug
2025-04-21 09:33:07 - ✓ cURL is available
2025-04-21 09:33:07 - ✓ Config loaded successfully
2025-04-21 09:33:07 -   API Key: xkeysib-84...W3284
2025-04-21 09:33:07 -   Sender: kuchhnahihe184@gmail.com
2025-04-21 09:33:07 - Checking API key validity...
2025-04-21 09:33:07 - ✓ API key is valid
2025-04-21 09:33:08 - Sending test email to: kunaldhangar184@gmail.com
2025-04-21 09:33:08 - Sending email through Brevo API...
2025-04-21 09:33:08 - API request completed in 850 ms
2025-04-21 09:33:08 - HTTP response code: 201
2025-04-21 09:33:08 - Response body: {"messageId":"<202504210733.76563293016@smtp-relay.mailin.fr>"}

2025-04-21 09:33:08 - ✓ SUCCESS! Email sent. Message ID: <202504210733.76563293016@smtp-relay.mailin.fr>
2025-04-21 09:33:08 - 
2025-04-21 09:33:08 - IMPORTANT: Check your spam/junk folder if you don't see the email.
2025-04-21 09:33:08 - Next steps:
2025-04-21 09:33:08 - 1. If the email arrived in SPAM - add kuchhnahihe184@gmail.com to your contacts
2025-04-21 09:33:08 - 2. If no email arrived at all - contact Brevo support and verify your account
=== Email Debug Log - 2025-04-24 08:52:08 ===
2025-04-24 08:52:08 - Starting email debug
2025-04-24 08:52:08 - ✓ cURL is available
2025-04-24 08:52:08 - <strong>Current sender email: yourhawk01@gmail.com</strong>
2025-04-24 08:52:08 - ✓ Config loaded successfully
2025-04-24 08:52:08 -   API Key: xkeysib-84...W3284
2025-04-24 08:52:08 -   Sender: yourhawk01@gmail.com
2025-04-24 08:52:08 - Checking API key validity...
2025-04-24 08:52:09 - ERROR: API key validation failed. HTTP code: 401
2025-04-24 08:52:09 - Response: {"message":"We have detected you are using an unrecognised IP address 2409:40d1:1022:aa11:bd60:8bd8:7b96:fc97. If you performed this action make sure to add the new IP address in this link: https://app.brevo.com/security/authorised_ips","code":"unauthorized"}

